<?xml version="1.0" encoding="UTF-8"?>
<!-- Generated by org.testng.reporters.JUnitXMLReporter -->
<testsuite ignored="0" hostname="RaviWindows" failures="0" tests="11" name="ExecuteBasedOnGropus" time="4.317" errors="0" timestamp="2022-02-07T21:11:12 IST">
  <testcase classname="com.testng.FirstTestng" name="f" time="0.106"/>
  <testcase classname="com.testng.Priorities" name="z" time="0.001"/>
  <testcase classname="com.testng.Priorities" name="thirdMethod" time="0.001"/>
  <testcase classname="com.testng.Priorities" name="secondMethod" time="0.0"/>
  <testcase classname="com.testng.Priorities" name="fourthMethod" time="0.001"/>
  <testcase classname="com.testng.Priorities" name="firstMethod" time="0.001"/>
  <testcase classname="com.testng.Priorities2" name="z" time="0.001"/>
  <testcase classname="com.testng.Priorities2" name="thirdMethod" time="0.002"/>
  <testcase classname="com.testng.Priorities2" name="secondMethod" time="0.001"/>
  <testcase classname="com.testng.Priorities2" name="fourthMethod" time="0.001"/>
  <testcase classname="com.testng.Priorities2" name="firstMethod" time="0.001"/>
</testsuite> <!-- ExecuteBasedOnGropus -->
