<?xml version="1.0" encoding="UTF-8"?>
<testng-results ignored="0" total="1" passed="1" failed="0" skipped="0">
  <reporter-output>
  </reporter-output>
  <suite started-at="2022-02-09T20:50:38 IST" name="Default suite" finished-at="2022-02-09T20:51:12 IST" duration-ms="33789">
    <groups>
    </groups>
    <test started-at="2022-02-09T20:50:38 IST" name="Default test" finished-at="2022-02-09T20:51:12 IST" duration-ms="33789">
      <class name="com.testng.Frames">
        <test-method is-config="true" signature="config()[pri:0, instance:com.testng.Frames@62230c58]" started-at="2022-02-09T20:50:38 IST" name="config" finished-at="2022-02-09T20:50:41 IST" duration-ms="2196" status="PASS">
          <reporter-output>
          </reporter-output>
        </test-method> <!-- config -->
        <test-method is-config="true" signature="launchUrl()[pri:0, instance:com.testng.Frames@62230c58]" started-at="2022-02-09T20:50:41 IST" name="launchUrl" finished-at="2022-02-09T20:51:05 IST" duration-ms="24695" status="PASS">
          <reporter-output>
          </reporter-output>
        </test-method> <!-- launchUrl -->
        <test-method signature="f()[pri:0, instance:com.testng.Frames@62230c58]" started-at="2022-02-09T20:51:05 IST" name="f" finished-at="2022-02-09T20:51:12 IST" duration-ms="6128" status="PASS">
          <reporter-output>
          </reporter-output>
        </test-method> <!-- f -->
        <test-method is-config="true" signature="closebrowser()[pri:0, instance:com.testng.Frames@62230c58]" started-at="2022-02-09T20:51:12 IST" name="closebrowser" finished-at="2022-02-09T20:51:12 IST" duration-ms="732" status="PASS">
          <reporter-output>
          </reporter-output>
        </test-method> <!-- closebrowser -->
      </class> <!-- com.testng.Frames -->
    </test> <!-- Default test -->
  </suite> <!-- Default suite -->
</testng-results>
